<?xml version="1.0" encoding="UTF-8"?>
<!-- Generated by org.testng.reporters.JUnitReportReporter -->
<testsuite hostname="DESKTOP-C28O1GT" failures="0" tests="1" name="com.Tutorialsninja.qa.TestCases.TutorialsNinjaSearchForProduct" time="5.473" errors="0" timestamp="2023-12-20T10:46:36 PST" skipped="0">
  <testcase classname="com.Tutorialsninja.qa.TestCases.TutorialsNinjaSearchForProduct" name="addProductToTheCart" time="5.473"/>
</testsuite> <!-- com.Tutorialsninja.qa.TestCases.TutorialsNinjaSearchForProduct -->
