<?xml version="1.0" encoding="UTF-8"?>
<!-- Generated by org.testng.reporters.JUnitReportReporter -->
<testsuite hostname="DESKTOP-C28O1GT" failures="0" tests="1" name="com.Tutorialsninja.qa.TestCases.TuTorialsNinjaLogin" time="6.402" errors="0" timestamp="2023-12-20T10:36:54 PST" skipped="0">
  <testcase classname="com.Tutorialsninja.qa.TestCases.TuTorialsNinjaLogin" name="TN_LoginWithValidCredintilas" time="6.402"/>
</testsuite> <!-- com.Tutorialsninja.qa.TestCases.TuTorialsNinjaLogin -->
