<?xml version="1.0" encoding="UTF-8"?>
<!-- Generated by org.testng.reporters.JUnitReportReporter -->
<testsuite hostname="DESKTOP-C28O1GT" failures="0" tests="1" name="com.Tutorialsninja.qa.TestCases.AddToCartTest" time="12.400" errors="0" timestamp="11 Jan 2024 01:43:49 GMT" skipped="0">
  <testcase classname="com.Tutorialsninja.qa.TestCases.AddToCartTest" name="addValidProductToCart" time="12.400"/>
</testsuite> <!-- com.Tutorialsninja.qa.TestCases.AddToCartTest -->
