<?xml version="1.0" encoding="UTF-8"?>
<!-- Generated by org.testng.reporters.JUnitReportReporter -->
<testsuite hostname="DESKTOP-C28O1GT" failures="0" tests="1" name="com.Tutorialsninja.qa.TestCases.NavigateToDeProductDetails" time="7.084" errors="0" timestamp="2023-12-25T00:05:17 PST" skipped="0">
  <testcase classname="com.Tutorialsninja.qa.TestCases.NavigateToDeProductDetails" name="addProductToTheCart" time="7.084"/>
</testsuite> <!-- com.Tutorialsninja.qa.TestCases.NavigateToDeProductDetails -->
