<?xml version="1.0" encoding="UTF-8"?>
<!-- Generated by org.testng.reporters.JUnitReportReporter -->
<testsuite hostname="DESKTOP-C28O1GT" failures="0" tests="1" name="com.Tutorialsninja.qa.TestCases.LoginTest" time="17.591" errors="0" timestamp="11 Jan 2024 01:43:49 GMT" skipped="0">
  <testcase classname="com.Tutorialsninja.qa.TestCases.LoginTest" name="verifyLoginWithInvalidEmailValidPassword" time="17.591"/>
</testsuite> <!-- com.Tutorialsninja.qa.TestCases.LoginTest -->
